c:\users\george.bosancu\source\repos\oop_operator\oop_operator\debug\oop_operator.pch
c:\users\george.bosancu\source\repos\oop_operator\oop_operator\debug\vc142.pdb
c:\users\george.bosancu\source\repos\oop_operator\oop_operator\debug\pch.obj
c:\users\george.bosancu\source\repos\oop_operator\oop_operator\debug\oop_operator.obj
c:\users\george.bosancu\source\repos\oop_operator\oop_operator\debug\assemblyinfo.obj
c:\users\george.bosancu\source\repos\oop_operator\oop_operator\debug\.netframework,version=v4.6.1.assemblyattributes.obj
c:\users\george.bosancu\source\repos\oop_operator\debug\oop_operator.exe
c:\users\george.bosancu\source\repos\oop_operator\debug\oop_operator.pdb
c:\users\george.bosancu\source\repos\oop_operator\oop_operator\debug\app.res
c:\users\george.bosancu\source\repos\oop_operator\oop_operator\debug\oop_operator.tlog\cl.command.1.tlog
c:\users\george.bosancu\source\repos\oop_operator\oop_operator\debug\oop_operator.tlog\cl.read.1.tlog
c:\users\george.bosancu\source\repos\oop_operator\oop_operator\debug\oop_operator.tlog\cl.write.1.tlog
c:\users\george.bosancu\source\repos\oop_operator\oop_operator\debug\oop_operator.tlog\link.command.1.tlog
c:\users\george.bosancu\source\repos\oop_operator\oop_operator\debug\oop_operator.tlog\link.read.1.tlog
c:\users\george.bosancu\source\repos\oop_operator\oop_operator\debug\oop_operator.tlog\link.write.1.tlog
c:\users\george.bosancu\source\repos\oop_operator\oop_operator\debug\oop_operator.tlog\metagen.read.1.tlog
c:\users\george.bosancu\source\repos\oop_operator\oop_operator\debug\oop_operator.tlog\metagen.write.1.tlog
c:\users\george.bosancu\source\repos\oop_operator\oop_operator\debug\oop_operator.tlog\rc.command.1.tlog
c:\users\george.bosancu\source\repos\oop_operator\oop_operator\debug\oop_operator.tlog\rc.read.1.tlog
c:\users\george.bosancu\source\repos\oop_operator\oop_operator\debug\oop_operator.tlog\rc.write.1.tlog
